<?xml version="1.0" encoding="utf-8"?>
<testsuites>
<testsuite package="org.eslint" time="0" tests="1" errors="0" name="/Users/olivier/Documents/github/baldrick-ts/src/barrel.ts">
<testcase time="0" name="/Users/olivier/Documents/github/baldrick-ts/src/barrel.ts" classname="/Users/olivier/Documents/github/baldrick-ts/src/barrel" />
</testsuite>
<testsuite package="org.eslint" time="0" tests="1" errors="0" name="/Users/olivier/Documents/github/baldrick-ts/src/conf-prettier.ts">
<testcase time="0" name="/Users/olivier/Documents/github/baldrick-ts/src/conf-prettier.ts" classname="/Users/olivier/Documents/github/baldrick-ts/src/conf-prettier" />
</testsuite>
<testsuite package="org.eslint" time="0" tests="1" errors="0" name="/Users/olivier/Documents/github/baldrick-ts/src/index.ts">
<testcase time="0" name="/Users/olivier/Documents/github/baldrick-ts/src/index.ts" classname="/Users/olivier/Documents/github/baldrick-ts/src/index" />
</testsuite>
<testsuite package="org.eslint" time="0" tests="1" errors="0" name="/Users/olivier/Documents/github/baldrick-ts/src/io-sfx.ts">
<testcase time="0" name="/Users/olivier/Documents/github/baldrick-ts/src/io-sfx.ts" classname="/Users/olivier/Documents/github/baldrick-ts/src/io-sfx" />
</testsuite>
<testsuite package="org.eslint" time="0" tests="1" errors="0" name="/Users/olivier/Documents/github/baldrick-ts/src/markdown-code-of-conduct.ts">
<testcase time="0" name="/Users/olivier/Documents/github/baldrick-ts/src/markdown-code-of-conduct.ts" classname="/Users/olivier/Documents/github/baldrick-ts/src/markdown-code-of-conduct" />
</testsuite>
<testsuite package="org.eslint" time="0" tests="1" errors="0" name="/Users/olivier/Documents/github/baldrick-ts/src/markdown-contributing.ts">
<testcase time="0" name="/Users/olivier/Documents/github/baldrick-ts/src/markdown-contributing.ts" classname="/Users/olivier/Documents/github/baldrick-ts/src/markdown-contributing" />
</testsuite>
<testsuite package="org.eslint" time="0" tests="1" errors="0" name="/Users/olivier/Documents/github/baldrick-ts/src/markdown-maintenance.ts">
<testcase time="0" name="/Users/olivier/Documents/github/baldrick-ts/src/markdown-maintenance.ts" classname="/Users/olivier/Documents/github/baldrick-ts/src/markdown-maintenance" />
</testsuite>
<testsuite package="org.eslint" time="0" tests="1" errors="0" name="/Users/olivier/Documents/github/baldrick-ts/src/markdown-readme.ts">
<testcase time="0" name="/Users/olivier/Documents/github/baldrick-ts/src/markdown-readme.ts" classname="/Users/olivier/Documents/github/baldrick-ts/src/markdown-readme" />
</testsuite>
<testsuite package="org.eslint" time="0" tests="1" errors="0" name="/Users/olivier/Documents/github/baldrick-ts/src/markdown.ts">
<testcase time="0" name="/Users/olivier/Documents/github/baldrick-ts/src/markdown.ts" classname="/Users/olivier/Documents/github/baldrick-ts/src/markdown" />
</testsuite>
<testsuite package="org.eslint" time="0" tests="1" errors="0" name="/Users/olivier/Documents/github/baldrick-ts/src/model.ts">
<testcase time="0" name="/Users/olivier/Documents/github/baldrick-ts/src/model.ts" classname="/Users/olivier/Documents/github/baldrick-ts/src/model" />
</testsuite>
<testsuite package="org.eslint" time="0" tests="1" errors="0" name="/Users/olivier/Documents/github/baldrick-ts/src/package-copy.ts">
<testcase time="0" name="/Users/olivier/Documents/github/baldrick-ts/src/package-copy.ts" classname="/Users/olivier/Documents/github/baldrick-ts/src/package-copy" />
</testsuite>
<testsuite package="org.eslint" time="0" tests="1" errors="0" name="/Users/olivier/Documents/github/baldrick-ts/src/package-io.ts">
<testcase time="0" name="/Users/olivier/Documents/github/baldrick-ts/src/package-io.ts" classname="/Users/olivier/Documents/github/baldrick-ts/src/package-io" />
</testsuite>
<testsuite package="org.eslint" time="0" tests="1" errors="0" name="/Users/olivier/Documents/github/baldrick-ts/src/package-stats.ts">
<testcase time="0" name="/Users/olivier/Documents/github/baldrick-ts/src/package-stats.ts" classname="/Users/olivier/Documents/github/baldrick-ts/src/package-stats" />
</testsuite>
<testsuite package="org.eslint" time="0" tests="1" errors="0" name="/Users/olivier/Documents/github/baldrick-ts/src/package-status.ts">
<testcase time="0" name="/Users/olivier/Documents/github/baldrick-ts/src/package-status.ts" classname="/Users/olivier/Documents/github/baldrick-ts/src/package-status" />
</testsuite>
<testsuite package="org.eslint" time="0" tests="1" errors="0" name="/Users/olivier/Documents/github/baldrick-ts/src/package.ts">
<testcase time="0" name="/Users/olivier/Documents/github/baldrick-ts/src/package.ts" classname="/Users/olivier/Documents/github/baldrick-ts/src/package" />
</testsuite>
<testsuite package="org.eslint" time="0" tests="1" errors="0" name="/Users/olivier/Documents/github/baldrick-ts/src/utils.ts">
<testcase time="0" name="/Users/olivier/Documents/github/baldrick-ts/src/utils.ts" classname="/Users/olivier/Documents/github/baldrick-ts/src/utils" />
</testsuite>
</testsuites>
